<?xml version="1.0" encoding="UTF-8"?>
<!-- Generated by org.testng.reporters.JUnitXMLReporter -->
<testsuite ignored="0" hostname="Manoj_Kumar_M" failures="1" tests="3" name="Test" time="31.77" errors="0" timestamp="2024-10-20T12:19:16 IST">
  <testcase classname="testscripts.BookingProduct" name="bookProduct" time="0.269"/>
  <testcase classname="testscripts.DeleteAddress" name="deleteAddress" time="0.016"/>
  <testcase classname="testscripts.AddAddress" name="addAddress" time="6.708">
    <failure type="java.lang.AssertionError" message="null">
      <![CDATA[java.lang.AssertionError: null
at testscripts.AddAddress.addAddress(AddAddress.java:26)
at java.base/java.util.ArrayList.forEach(ArrayList.java:1596)
... Removed 27 stack frames]]>
    </failure>
  </testcase> <!-- addAddress -->
</testsuite> <!-- Test -->
